#
# There is insufficient memory for the Java Runtime Environment to continue.
# Native memory allocation (malloc) failed to allocate 1180720 bytes for Chunk::new
# Possible reasons:
#   The system is out of physical RAM or swap space
#   In 32 bit mode, the process size limit was hit
# Possible solutions:
#   Reduce memory load on the system
#   Increase physical memory or swap space
#   Check if swap backing store is full
#   Use 64 bit Java on a 64 bit OS
#   Decrease Java heap size (-Xmx/-Xms)
#   Decrease number of Java threads
#   Decrease Java thread stack sizes (-Xss)
#   Set larger code cache with -XX:ReservedCodeCacheSize=
# This output file may be truncated or incomplete.
#
#  Out of Memory Error (allocation.cpp:390), pid=2268, tid=6364
#
# JRE version: Java(TM) SE Runtime Environment (8.0_74-b02) (build 1.8.0_74-b02)
# Java VM: Java HotSpot(TM) 64-Bit Server VM (25.74-b02 mixed mode windows-amd64 compressed oops)
# Failed to write core dump. Minidumps are not enabled by default on client versions of Windows
#

---------------  T H R E A D  ---------------

Current thread (0x000000005610b000):  JavaThread "C2 CompilerThread0" daemon [_thread_in_native, id=6364, stack(0x00000000569b0000,0x0000000056ab0000)]

Stack: [0x00000000569b0000,0x0000000056ab0000]
[error occurred during error reporting (printing stack bounds), id 0xc0000005]

Native frames: (J=compiled Java code, j=interpreted, Vv=VM code, C=native code)


Current CompileTask:
C2:  11794 3773       4       groovy.lang.MetaClassImpl::checkIfStdMethod (179 bytes)


---------------  P R O C E S S  ---------------

Java Threads: ( => current thread )
  0x00000000583fb800 JavaThread "File lock request listener" [_thread_in_native, id=7160, stack(0x000000005aa70000,0x000000005ab70000)]
  0x000000005714c800 JavaThread "Stdin handler" [_thread_blocked, id=7068, stack(0x00000000568b0000,0x00000000569b0000)]
  0x00000000563b5800 JavaThread "Daemon worker" [_thread_in_vm, id=5604, stack(0x00000000588c0000,0x00000000589c0000)]
  0x000000005715a800 JavaThread "Cancel handler" [_thread_blocked, id=2180, stack(0x0000000059290000,0x0000000059390000)]
  0x00000000564cc000 JavaThread "Handler for socket connection from /127.0.0.1:64375 to /127.0.0.1:64391" [_thread_in_native, id=6436, stack(0x00000000590b0000,0x00000000591b0000)]
  0x00000000564c9000 JavaThread "Daemon" [_thread_blocked, id=5324, stack(0x0000000058f80000,0x0000000059080000)]
  0x00000000574dd000 JavaThread "Incoming local TCP Connector on port 64375" [_thread_in_native, id=5932, stack(0x0000000058b60000,0x0000000058c60000)]
  0x000000005619e000 JavaThread "Service Thread" daemon [_thread_blocked, id=5112, stack(0x0000000056d10000,0x0000000056e10000)]
  0x000000005611c000 JavaThread "C1 CompilerThread2" daemon [_thread_blocked, id=5900, stack(0x00000000566a0000,0x00000000567a0000)]
  0x000000005611a800 JavaThread "C2 CompilerThread1" daemon [_thread_in_native, id=6152, stack(0x0000000056b40000,0x0000000056c40000)]
=>0x000000005610b000 JavaThread "C2 CompilerThread0" daemon [_thread_in_native, id=6364, stack(0x00000000569b0000,0x0000000056ab0000)]
  0x0000000056108800 JavaThread "Attach Listener" daemon [_thread_blocked, id=6784, stack(0x00000000567a0000,0x00000000568a0000)]
  0x0000000054e7f000 JavaThread "Signal Dispatcher" daemon [_thread_blocked, id=6356, stack(0x0000000056590000,0x0000000056690000)]
  0x0000000054e5d800 JavaThread "Finalizer" daemon [_thread_blocked, id=3340, stack(0x0000000055ee0000,0x0000000055fe0000)]
  0x0000000054e16800 JavaThread "Reference Handler" daemon [_thread_blocked, id=6336, stack(0x0000000056000000,0x0000000056100000)]
  0x000000000219f000 JavaThread "main" [_thread_blocked, id=4388, stack(0x0000000002280000,0x0000000002380000)]

Other Threads:
  0x0000000054e0f000 VMThread [stack: 0x0000000055da0000,0x0000000055ea0000] [id=4844]
  0x00000000561dd800 WatcherThread [stack: 0x0000000056e60000,0x0000000056f60000] [id=3180]

VM state:not at safepoint (normal execution)

VM Mutex/Monitor currently owned by a thread: None

Heap:
 PSYoungGen      total 104448K, used 86433K [0x00000000eab00000, 0x00000000f1d00000, 0x0000000100000000)
  eden space 93184K, 83% used [0x00000000eab00000,0x00000000ef73e470,0x00000000f0600000)
  from space 11264K, 74% used [0x00000000f1200000,0x00000000f1a2a078,0x00000000f1d00000)
  to   space 11776K, 0% used [0x00000000f0600000,0x00000000f0600000,0x00000000f1180000)
 ParOldGen       total 49664K, used 9650K [0x00000000c0000000, 0x00000000c3080000, 0x00000000eab00000)
  object space 49664K, 19% used [0x00000000c0000000,0x00000000c096c9d8,0x00000000c3080000)
 Metaspace       used 33469K, capacity 34234K, committed 34432K, reserved 1079296K
  class space    used 4419K, capacity 4622K, committed 4736K, reserved 1048576K

Card table byte_map: [0x0000000011740000,0x0000000011950000] byte_map_base: 0x0000000011140000

Marking Bits: (ParMarkBitMap*) 0x0000000073380600
 Begin Bits: [0x0000000012280000, 0x0000000013280000)
 End Bits:   [0x0000000013280000, 0x0000000014280000)

Polling page: 0x0000000000110000

CodeCache: size=245760Kb used=13648Kb max_used=13648Kb free=232111Kb
 bounds [0x0000000002380000, 0x00000000030f0000, 0x0000000011380000]
 total_blobs=4228 nmethods=3569 adapters=570
 compilation: enabled

Compilation events (10 events):
Event: 11.752 Thread 0x000000005611c000 3812       3       sun.reflect.generics.parser.SignatureParser::parseMethodTypeSignature (41 bytes)
Event: 11.752 Thread 0x000000005611c000 nmethod 3812 0x00000000030dd990 code [0x00000000030ddb80, 0x00000000030de288]
Event: 11.752 Thread 0x000000005611c000 3813       1       org.gradle.api.internal.project.AbstractProject::getDepth (5 bytes)
Event: 11.753 Thread 0x000000005611c000 nmethod 3813 0x00000000030de610 code [0x00000000030de760, 0x00000000030de870]
Event: 11.760 Thread 0x000000005611c000 3815   !   2       org.codehaus.groovy.reflection.CachedMethod::invoke (70 bytes)
Event: 11.760 Thread 0x000000005611c000 nmethod 3815 0x00000000030de8d0 code [0x00000000030dea80, 0x00000000030def48]
Event: 11.765 Thread 0x000000005611c000 3816       1       org.gradle.api.internal.plugins.DefaultConvention::getExtensionsAsDynamicObject (5 bytes)
Event: 11.765 Thread 0x000000005611c000 nmethod 3816 0x00000000030df2d0 code [0x00000000030df420, 0x00000000030df530]
Event: 11.765 Thread 0x000000005611c000 3817       2       groovy.lang.MetaBeanProperty::getProperty (64 bytes)
Event: 11.766 Thread 0x000000005611c000 nmethod 3817 0x00000000030df590 code [0x00000000030df740, 0x00000000030dfb98]

GC Heap History (10 events):
Event: 7.682 GC heap before
{Heap before GC invocations=7 (full 1):
 PSYoungGen      total 38400K, used 34565K [0x00000000eab00000, 0x00000000efe00000, 0x0000000100000000)
  eden space 33280K, 100% used [0x00000000eab00000,0x00000000ecb80000,0x00000000ecb80000)
  from space 5120K, 25% used [0x00000000ecb80000,0x00000000eccc15b0,0x00000000ed080000)
  to   space 11264K, 0% used [0x00000000ef300000,0x00000000ef300000,0x00000000efe00000)
 ParOldGen       total 49664K, used 7930K [0x00000000c0000000, 0x00000000c3080000, 0x00000000eab00000)
  object space 49664K, 15% used [0x00000000c0000000,0x00000000c07be998,0x00000000c3080000)
 Metaspace       used 21258K, capacity 21672K, committed 21888K, reserved 1069056K
  class space    used 2763K, capacity 2900K, committed 2944K, reserved 1048576K
Event: 7.684 GC heap after
Heap after GC invocations=7 (full 1):
 PSYoungGen      total 72704K, used 1472K [0x00000000eab00000, 0x00000000efd80000, 0x0000000100000000)
  eden space 61952K, 0% used [0x00000000eab00000,0x00000000eab00000,0x00000000ee780000)
  from space 10752K, 13% used [0x00000000ef300000,0x00000000ef470030,0x00000000efd80000)
  to   space 11264K, 0% used [0x00000000ee780000,0x00000000ee780000,0x00000000ef280000)
 ParOldGen       total 49664K, used 7938K [0x00000000c0000000, 0x00000000c3080000, 0x00000000eab00000)
  object space 49664K, 15% used [0x00000000c0000000,0x00000000c07c0998,0x00000000c3080000)
 Metaspace       used 21258K, capacity 21672K, committed 21888K, reserved 1069056K
  class space    used 2763K, capacity 2900K, committed 2944K, reserved 1048576K
}
Event: 7.789 GC heap before
{Heap before GC invocations=8 (full 1):
 PSYoungGen      total 72704K, used 63424K [0x00000000eab00000, 0x00000000efd80000, 0x0000000100000000)
  eden space 61952K, 100% used [0x00000000eab00000,0x00000000ee780000,0x00000000ee780000)
  from space 10752K, 13% used [0x00000000ef300000,0x00000000ef470030,0x00000000efd80000)
  to   space 11264K, 0% used [0x00000000ee780000,0x00000000ee780000,0x00000000ef280000)
 ParOldGen       total 49664K, used 7938K [0x00000000c0000000, 0x00000000c3080000, 0x00000000eab00000)
  object space 49664K, 15% used [0x00000000c0000000,0x00000000c07c0998,0x00000000c3080000)
 Metaspace       used 21262K, capacity 21672K, committed 21888K, reserved 1069056K
  class space    used 2763K, capacity 2900K, committed 2944K, reserved 1048576K
Event: 7.798 GC heap after
Heap after GC invocations=8 (full 1):
 PSYoungGen      total 73216K, used 2032K [0x00000000eab00000, 0x00000000efd80000, 0x0000000100000000)
  eden space 61952K, 0% used [0x00000000eab00000,0x00000000eab00000,0x00000000ee780000)
  from space 11264K, 18% used [0x00000000ee780000,0x00000000ee97c040,0x00000000ef280000)
  to   space 10752K, 0% used [0x00000000ef300000,0x00000000ef300000,0x00000000efd80000)
 ParOldGen       total 49664K, used 7938K [0x00000000c0000000, 0x00000000c3080000, 0x00000000eab00000)
  object space 49664K, 15% used [0x00000000c0000000,0x00000000c07c0998,0x00000000c3080000)
 Metaspace       used 21262K, capacity 21672K, committed 21888K, reserved 1069056K
  class space    used 2763K, capacity 2900K, committed 2944K, reserved 1048576K
}
Event: 7.955 GC heap before
{Heap before GC invocations=9 (full 1):
 PSYoungGen      total 73216K, used 63984K [0x00000000eab00000, 0x00000000efd80000, 0x0000000100000000)
  eden space 61952K, 100% used [0x00000000eab00000,0x00000000ee780000,0x00000000ee780000)
  from space 11264K, 18% used [0x00000000ee780000,0x00000000ee97c040,0x00000000ef280000)
  to   space 10752K, 0% used [0x00000000ef300000,0x00000000ef300000,0x00000000efd80000)
 ParOldGen       total 49664K, used 7938K [0x00000000c0000000, 0x00000000c3080000, 0x00000000eab00000)
  object space 49664K, 15% used [0x00000000c0000000,0x00000000c07c0998,0x00000000c3080000)
 Metaspace       used 22564K, capacity 22970K, committed 23296K, reserved 1069056K
  class space    used 2883K, capacity 3032K, committed 3072K, reserved 1048576K
Event: 7.960 GC heap after
Heap after GC invocations=9 (full 1):
 PSYoungGen      total 72704K, used 4644K [0x00000000eab00000, 0x00000000efd80000, 0x0000000100000000)
  eden space 61952K, 0% used [0x00000000eab00000,0x00000000eab00000,0x00000000ee780000)
  from space 10752K, 43% used [0x00000000ef300000,0x00000000ef7891a8,0x00000000efd80000)
  to   space 11264K, 0% used [0x00000000ee780000,0x00000000ee780000,0x00000000ef280000)
 ParOldGen       total 49664K, used 7946K [0x00000000c0000000, 0x00000000c3080000, 0x00000000eab00000)
  object space 49664K, 16% used [0x00000000c0000000,0x00000000c07c2998,0x00000000c3080000)
 Metaspace       used 22564K, capacity 22970K, committed 23296K, reserved 1069056K
  class space    used 2883K, capacity 3032K, committed 3072K, reserved 1048576K
}
Event: 8.895 GC heap before
{Heap before GC invocations=10 (full 1):
 PSYoungGen      total 72704K, used 66596K [0x00000000eab00000, 0x00000000efd80000, 0x0000000100000000)
  eden space 61952K, 100% used [0x00000000eab00000,0x00000000ee780000,0x00000000ee780000)
  from space 10752K, 43% used [0x00000000ef300000,0x00000000ef7891a8,0x00000000efd80000)
  to   space 11264K, 0% used [0x00000000ee780000,0x00000000ee780000,0x00000000ef280000)
 ParOldGen       total 49664K, used 7946K [0x00000000c0000000, 0x00000000c3080000, 0x00000000eab00000)
  object space 49664K, 16% used [0x00000000c0000000,0x00000000c07c2998,0x00000000c3080000)
 Metaspace       used 26040K, capacity 26726K, committed 27008K, reserved 1073152K
  class space    used 3446K, capacity 3613K, committed 3712K, reserved 1048576K
Event: 8.906 GC heap after
Heap after GC invocations=10 (full 1):
 PSYoungGen      total 73216K, used 8156K [0x00000000eab00000, 0x00000000f1d00000, 0x0000000100000000)
  eden space 61952K, 0% used [0x00000000eab00000,0x00000000eab00000,0x00000000ee780000)
  from space 11264K, 72% used [0x00000000ee780000,0x00000000eef77348,0x00000000ef280000)
  to   space 11264K, 0% used [0x00000000f1200000,0x00000000f1200000,0x00000000f1d00000)
 ParOldGen       total 49664K, used 8514K [0x00000000c0000000, 0x00000000c3080000, 0x00000000eab00000)
  object space 49664K, 17% used [0x00000000c0000000,0x00000000c08509d8,0x00000000c3080000)
 Metaspace       used 26040K, capacity 26726K, committed 27008K, reserved 1073152K
  class space    used 3446K, capacity 3613K, committed 3712K, reserved 1048576K
}
Event: 9.840 GC heap before
{Heap before GC invocations=11 (full 1):
 PSYoungGen      total 73216K, used 70108K [0x00000000eab00000, 0x00000000f1d00000, 0x0000000100000000)
  eden space 61952K, 100% used [0x00000000eab00000,0x00000000ee780000,0x00000000ee780000)
  from space 11264K, 72% used [0x00000000ee780000,0x00000000eef77348,0x00000000ef280000)
  to   space 11264K, 0% used [0x00000000f1200000,0x00000000f1200000,0x00000000f1d00000)
 ParOldGen       total 49664K, used 8514K [0x00000000c0000000, 0x00000000c3080000, 0x00000000eab00000)
  object space 49664K, 17% used [0x00000000c0000000,0x00000000c08509d8,0x00000000c3080000)
 Metaspace       used 30757K, capacity 31472K, committed 31744K, reserved 1077248K
  class space    used 4081K, capacity 4276K, committed 4352K, reserved 1048576K
Event: 9.849 GC heap after
Heap after GC invocations=11 (full 1):
 PSYoungGen      total 104448K, used 8360K [0x00000000eab00000, 0x00000000f1d00000, 0x0000000100000000)
  eden space 93184K, 0% used [0x00000000eab00000,0x00000000eab00000,0x00000000f0600000)
  from space 11264K, 74% used [0x00000000f1200000,0x00000000f1a2a078,0x00000000f1d00000)
  to   space 11776K, 0% used [0x00000000f0600000,0x00000000f0600000,0x00000000f1180000)
 ParOldGen       total 49664K, used 9650K [0x00000000c0000000, 0x00000000c3080000, 0x00000000eab00000)
  object space 49664K, 19% used [0x00000000c0000000,0x00000000c096c9d8,0x00000000c3080000)
 Metaspace       used 30757K, capacity 31472K, committed 31744K, reserved 1077248K
  class space    used 4081K, capacity 4276K, committed 4352K, reserved 1048576K
}

Deoptimization events (10 events):
Event: 10.649 Thread 0x00000000563b5800 Uncommon trap: reason=unstable_if action=reinterpret pc=0x0000000002e18d74 method=com.sun.org.apache.xerces.internal.impl.XMLEntityScanner.scanName()Ljava/lang/String; @ 69
Event: 10.994 Thread 0x00000000563b5800 Uncommon trap: reason=unstable_if action=reinterpret pc=0x0000000002ff25cc method=com.esotericsoftware.kryo.io.Output.writeUtf8Length(I)V @ 4
Event: 10.994 Thread 0x00000000563b5800 Uncommon trap: reason=unstable_if action=reinterpret pc=0x0000000002fed36c method=com.esotericsoftware.kryo.io.Output.writeString(Ljava/lang/CharSequence;)V @ 1
Event: 11.059 Thread 0x00000000563b5800 Uncommon trap: reason=unstable_if action=reinterpret pc=0x0000000002c41e8c method=groovy.lang.MetaClassImpl$1MOPIter.processFastArray(Lorg/codehaus/groovy/util/FastArray;)V @ 85
Event: 11.075 Thread 0x00000000563b5800 Uncommon trap: reason=unstable_if action=reinterpret pc=0x0000000002adc124 method=java.util.HashMap.hash(Ljava/lang/Object;)I @ 1
Event: 11.725 Thread 0x00000000563b5800 Uncommon trap: reason=bimorphic action=maybe_recompile pc=0x0000000002e54a80 method=java.util.Hashtable.get(Ljava/lang/Object;)Ljava/lang/Object; @ 6
Event: 11.725 Thread 0x00000000563b5800 Uncommon trap: reason=bimorphic action=maybe_recompile pc=0x0000000002e54a80 method=java.util.Hashtable.get(Ljava/lang/Object;)Ljava/lang/Object; @ 6
Event: 11.725 Thread 0x00000000563b5800 Uncommon trap: reason=bimorphic action=maybe_recompile pc=0x0000000002e54a80 method=java.util.Hashtable.get(Ljava/lang/Object;)Ljava/lang/Object; @ 6
Event: 11.725 Thread 0x00000000563b5800 Uncommon trap: reason=bimorphic action=maybe_recompile pc=0x0000000002e54a80 method=java.util.Hashtable.get(Ljava/lang/Object;)Ljava/lang/Object; @ 6
Event: 11.735 Thread 0x00000000563b5800 Uncommon trap: reason=unstable_if action=reinterpret pc=0x0000000002523a94 method=java.lang.String.replace(CC)Ljava/lang/String; @ 2

Internal exceptions (10 events):
Event: 11.738 Thread 0x00000000563b5800 Exception <a 'java/lang/ClassNotFoundException': org/gradle/api/internal/project/DefaultAntBuilderBeanInfo> (0x00000000ef046ba0) thrown at [C:\re\workspace\8-2-build-windows-amd64-cygwin\jdk8u74\6087\hotspot\src\share\vm\classfile\systemDictionary.cpp, linØ˘Iz'@
Event: 11.738 Thread 0x00000000563b5800 Exception <a 'java/lang/ClassNotFoundException': org/gradle/api/internal/project/ant/BasicAntBuilderBeanInfo> (0x00000000ef06e858) thrown at [C:\re\workspace\8-2-build-windows-amd64-cygwin\jdk8u74\6087\hotspot\src\share\vm\classfile\systemDictionary.cpp, lb=1a;z'@
Event: 11.739 Thread 0x00000000563b5800 Exception <a 'java/lang/ClassNotFoundException': org/gradle/api/AntBuilderBeanInfo> (0x00000000ef08a798) thrown at [C:\re\workspace\8-2-build-windows-amd64-cygwin\jdk8u74\6087\hotspot\src\share\vm\classfile\systemDictionary.cpp, line 210]
Event: 11.739 Thread 0x00000000563b5800 Exception <a 'java/lang/ClassNotFoundException': groovy/util/AntBuilderBeanInfo> (0x00000000ef0a5460) thrown at [C:\re\workspace\8-2-build-windows-amd64-cygwin\jdk8u74\6087\hotspot\src\share\vm\classfile\systemDictionary.cpp, line 210]
Event: 11.740 Thread 0x00000000563b5800 Exception <a 'java/lang/ClassNotFoundException': groovy/util/BuilderSupportBeanInfo> (0x00000000ef0c1750) thrown at [C:\re\workspace\8-2-build-windows-amd64-cygwin\jdk8u74\6087\hotspot\src\share\vm\classfile\systemDictionary.cpp, line 210]
Event: 11.740 Thread 0x00000000563b5800 Exception <a 'java/lang/ClassNotFoundException': groovy/util/BuilderSupportCustomizer> (0x00000000ef0df2f8) thrown at [C:\re\workspace\8-2-build-windows-amd64-cygwin\jdk8u74\6087\hotspot\src\share\vm\classfile\systemDictionary.cpp, line 210]
Event: 11.741 Thread 0x00000000563b5800 Exception <a 'java/lang/ClassNotFoundException': groovy/util/AntBuilderCustomizer> (0x00000000ef0fdeb0) thrown at [C:\re\workspace\8-2-build-windows-amd64-cygwin\jdk8u74\6087\hotspot\src\share\vm\classfile\systemDictionary.cpp, line 210]
Event: 11.741 Thread 0x00000000563b5800 Exception <a 'java/lang/ClassNotFoundException': org/gradle/api/AntBuilderCustomizer> (0x00000000ef121878) thrown at [C:\re\workspace\8-2-build-windows-amd64-cygwin\jdk8u74\6087\hotspot\src\share\vm\classfile\systemDictionary.cpp, line 210]
Event: 11.743 Thread 0x00000000563b5800 Exception <a 'java/lang/ClassNotFoundException': org/gradle/api/internal/project/ant/BasicAntBuilderCustomizer> (0x00000000ef16c758) thrown at [C:\re\workspace\8-2-build-windows-amd64-cygwin\jdk8u74\6087\hotspot\src\share\vm\classfile\systemDictionary.cpp,“•]Ùñ|'@
Event: 11.743 Thread 0x00000000563b5800 Exception <a 'java/lang/ClassNotFoundException': org/gradle/api/internal/project/DefaultAntBuilderCustomizer> (0x00000000ef1a3330) thrown at [C:\re\workspace\8-2-build-windows-amd64-cygwin\jdk8u74\6087\hotspot\src\share\vm\classfile\systemDictionary.cpp, l¸SçìŒy'@

Events (10 events):
Event: 11.792 loading class com/google/gson/internal/bind/ObjectTypeAdapter
Event: 11.792 loading class com/google/gson/internal/bind/ObjectTypeAdapter done
Event: 11.792 loading class com/google/gson/internal/bind/ObjectTypeAdapter$1
Event: 11.792 loading class com/google/gson/internal/bind/ObjectTypeAdapter$1 done
Event: 11.792 loading class com/google/gson/internal/bind/DateTypeAdapter
Event: 11.792 loading class com/google/gson/internal/bind/DateTypeAdapter done
Event: 11.793 loading class com/google/gson/internal/bind/DateTypeAdapter$1
Event: 11.793 loading class com/google/gson/internal/bind/DateTypeAdapter$1 done
Event: 11.793 loading class com/google/gson/internal/bind/TimeTypeAdapter
Event: 11.793 loading class com/google/gson/internal/bind/TimeTypeAdapter done


Dynamic libraries:
0x000000013fc40000 - 0x000000013fc77000 	C:\Program Files\Java\jdk1.8.0_74\bin\java.exe
0x00000000773c0000 - 0x000000007756a000 	C:\Windows\SYSTEM32\ntdll.dll
0x00000000771a0000 - 0x00000000772bf000 	C:\Windows\system32\kernel32.dll
0x000007fefd4c0000 - 0x000007fefd52a000 	C:\Windows\system32\KERNELBASE.dll
0x000007fefdc40000 - 0x000007fefdd1b000 	C:\Windows\system32\ADVAPI32.dll
0x000007feff380000 - 0x000007feff41f000 	C:\Windows\system32\msvcrt.dll
0x000007feff630000 - 0x000007feff64f000 	C:\Windows\SYSTEM32\sechost.dll
0x000007fefd8b0000 - 0x000007fefd9dd000 	C:\Windows\system32\RPCRT4.dll
0x00000000772c0000 - 0x00000000773ba000 	C:\Windows\system32\USER32.dll
0x000007fefd840000 - 0x000007fefd8a7000 	C:\Windows\system32\GDI32.dll
0x000007feff370000 - 0x000007feff37e000 	C:\Windows\system32\LPK.dll
0x000007feff1a0000 - 0x000007feff26a000 	C:\Windows\system32\USP10.dll
0x000007fefb560000 - 0x000007fefb754000 	C:\Windows\WinSxS\amd64_microsoft.windows.common-controls_6595b64144ccf1df_6.0.7601.18837_none_fa3b1e3d17594757\COMCTL32.dll
0x000007feff650000 - 0x000007feff6c1000 	C:\Windows\system32\SHLWAPI.dll
0x000007fefdee0000 - 0x000007fefdf0e000 	C:\Windows\system32\IMM32.DLL
0x000007fefdd20000 - 0x000007fefde29000 	C:\Windows\system32\MSCTF.dll
0x0000000073400000 - 0x00000000734d2000 	C:\Program Files\Java\jdk1.8.0_74\jre\bin\msvcr100.dll
0x0000000072b70000 - 0x0000000073400000 	C:\Program Files\Java\jdk1.8.0_74\jre\bin\server\jvm.dll
0x000007fef7d50000 - 0x000007fef7d59000 	C:\Windows\system32\WSOCK32.dll
0x000007fefdf10000 - 0x000007fefdf5d000 	C:\Windows\system32\WS2_32.dll
0x000007fefde30000 - 0x000007fefde38000 	C:\Windows\system32\NSI.dll
0x000007fefaff0000 - 0x000007fefb02b000 	C:\Windows\system32\WINMM.dll
0x000007fefbfb0000 - 0x000007fefbfbc000 	C:\Windows\system32\VERSION.dll
0x0000000077590000 - 0x0000000077597000 	C:\Windows\system32\PSAPI.DLL
0x0000000072b60000 - 0x0000000072b6f000 	C:\Program Files\Java\jdk1.8.0_74\jre\bin\verify.dll
0x0000000072b30000 - 0x0000000072b59000 	C:\Program Files\Java\jdk1.8.0_74\jre\bin\java.dll
0x0000000072b10000 - 0x0000000072b26000 	C:\Program Files\Java\jdk1.8.0_74\jre\bin\zip.dll
0x000007fefe410000 - 0x000007feff199000 	C:\Windows\system32\SHELL32.dll
0x000007feff420000 - 0x000007feff623000 	C:\Windows\system32\ole32.dll
0x000007fefd180000 - 0x000007fefd18f000 	C:\Windows\system32\profapi.dll
0x0000000072990000 - 0x00000000729aa000 	C:\Program Files\Java\jdk1.8.0_74\jre\bin\net.dll
0x000007fefc910000 - 0x000007fefc965000 	C:\Windows\system32\mswsock.dll
0x000007fefc900000 - 0x000007fefc907000 	C:\Windows\System32\wship6.dll
0x00000000727e0000 - 0x00000000727f1000 	C:\Program Files\Java\jdk1.8.0_74\jre\bin\nio.dll
0x000007fef7b40000 - 0x000007fef7b52000 	C:\Users\yanfei\.gradle\native\19\windows-amd64\native-platform.dll
0x000007fefc0e0000 - 0x000007fefc107000 	C:\Windows\system32\IPHLPAPI.DLL
0x000007fefc0d0000 - 0x000007fefc0db000 	C:\Windows\system32\WINNSI.DLL
0x000007fefc0b0000 - 0x000007fefc0c1000 	C:\Windows\system32\dhcpcsvc6.DLL
0x000007fefc090000 - 0x000007fefc0a8000 	C:\Windows\system32\dhcpcsvc.DLL
0x000007fefc970000 - 0x000007fefc987000 	C:\Windows\system32\CRYPTSP.dll
0x000007fefc670000 - 0x000007fefc6b7000 	C:\Windows\system32\rsaenh.dll
0x000007fefd3a0000 - 0x000007fefd3be000 	C:\Windows\system32\USERENV.dll
0x000007fefcfd0000 - 0x000007fefcfdf000 	C:\Windows\system32\CRYPTBASE.dll
0x000007fefcf70000 - 0x000007fefcfc7000 	C:\Windows\system32\apphelp.dll
0x0000000072810000 - 0x000000007281d000 	C:\Program Files\Java\jdk1.8.0_74\jre\bin\management.dll

VM Arguments:
jvm_args: -XX:MaxPermSize=256m -XX:+HeapDumpOnOutOfMemoryError -Xmx1024m -Dfile.encoding=GBK -Duser.country=CN -Duser.language=zh -Duser.variant 
java_command: org.gradle.launcher.daemon.bootstrap.GradleDaemon 2.8
java_class_path (initial): D:\Program Files\Android\Android Studio\gradle\gradle-2.8\lib\gradle-launcher-2.8.jar
Launcher Type: SUN_STANDARD

Environment Variables:
JAVA_HOME=C:\Program Files\Java\jdk1.8.0_74
CLASSPATH=.;C:\Program Files\Java\jdk1.8.0_74\lib;C:\Program Files\Java\jdk1.8.0_74\lib\tools.jar
PATH=C:\Windows/system32;C:\Program Files\Java\jdk1.8.0_74\bin;C:\Program Files\Java\jdk1.8.0_74\jre\bin;D:\tools\apache-maven-3.2.5\bin;D:\Program Files\MySQL\MySQL Server 5.7\bin;d:\Program Files (x86)\AOMEI Backupper 3.5;D:\Program Files\gradle-2.8/bin;D:\Program Files (x86)\Git\cmd;D:\Android\sdk\platform-tools
USERNAME=yanfei
OS=Windows_NT
PROCESSOR_IDENTIFIER=Intel64 Family 6 Model 60 Stepping 3, GenuineIntel



---------------  S Y S T E M  ---------------

OS: Windows 7 , 64 bit Build 7601 (6.1.7601.23543)

CPU:total 4 (4 cores per cpu, 1 threads per core) family 6 model 60 stepping 3, cmov, cx8, fxsr, mmx, sse, sse2, sse3, ssse3, sse4.1, sse4.2, popcnt, avx, avx2, aes, clmul, erms, lzcnt, tsc, tscinvbit, bmi1, bmi2

Memory: 4k page, physical 8305200k(2191820k free), swap 8303340k(5668k free)

vm_info: Java HotSpot(TM) 64-Bit Server VM (25.74-b02) for windows-amd64 JRE (1.8.0_74-b02), built on Jan 29 2016 17:42:36 by "java_re" with MS VC++ 10.0 (VS2010)

time: Fri Mar 24 10:05:21 2017
elapsed time: 11 seconds (0d 0h 0m 11s)

